app/build/intermediates/manifest_merge_blame_file/debug/processDebugMainManifest/manifest-merger-blame-debug-report.txt
1<?xml version="1.0" encoding="utf-8"?>
2<manifest xmlns:android="http://schemas.android.com/apk/res/android"
3    package="com.emobit.yishou"
4    android:versionCode="1"
5    android:versionName="1.0.0" >
6
7    <uses-sdk
8        android:minSdkVersion="26"
9        android:targetSdkVersion="34" />
10
11    <!-- 权限声明 -->
12    <uses-permission android:name="android.permission.INTERNET" />
12-->src/main/AndroidManifest.xml:6:5-67
12-->src/main/AndroidManifest.xml:6:22-64
13    <uses-permission android:name="android.permission.ACCESS_NETWORK_STATE" />
13-->src/main/AndroidManifest.xml:7:5-79
13-->src/main/AndroidManifest.xml:7:22-76
14    <uses-permission android:name="android.permission.ACCESS_FINE_LOCATION" />
14-->src/main/AndroidManifest.xml:8:5-79
14-->src/main/AndroidManifest.xml:8:22-76
15    <uses-permission android:name="android.permission.ACCESS_COARSE_LOCATION" />
15-->src/main/AndroidManifest.xml:9:5-81
15-->src/main/AndroidManifest.xml:9:22-78
16    <uses-permission android:name="android.permission.ACCESS_BACKGROUND_LOCATION" />
16-->src/main/AndroidManifest.xml:10:5-85
16-->src/main/AndroidManifest.xml:10:22-82
17    <uses-permission android:name="android.permission.CAMERA" />
17-->src/main/AndroidManifest.xml:11:5-65
17-->src/main/AndroidManifest.xml:11:22-62
18    <uses-permission android:name="android.permission.RECORD_AUDIO" />
18-->src/main/AndroidManifest.xml:12:5-71
18-->src/main/AndroidManifest.xml:12:22-68
19    <uses-permission android:name="android.permission.VIBRATE" />
19-->src/main/AndroidManifest.xml:13:5-66
19-->src/main/AndroidManifest.xml:13:22-63
20    <uses-permission android:name="android.permission.POST_NOTIFICATIONS" />
20-->src/main/AndroidManifest.xml:14:5-77
20-->src/main/AndroidManifest.xml:14:22-74
21    <uses-permission android:name="android.permission.FOREGROUND_SERVICE" />
21-->src/main/AndroidManifest.xml:15:5-77
21-->src/main/AndroidManifest.xml:15:22-74
22    <uses-permission android:name="android.permission.BODY_SENSORS" />
22-->src/main/AndroidManifest.xml:16:5-71
22-->src/main/AndroidManifest.xml:16:22-68
23    <uses-permission android:name="android.permission.ACTIVITY_RECOGNITION" />
23-->src/main/AndroidManifest.xml:17:5-79
23-->src/main/AndroidManifest.xml:17:22-76
24    <uses-permission android:name="android.permission.CALL_PHONE" />
24-->src/main/AndroidManifest.xml:18:5-69
24-->src/main/AndroidManifest.xml:18:22-66
25
26    <!-- 硬件特性声明 -->
27    <uses-feature
27-->src/main/AndroidManifest.xml:21:5-85
28        android:name="android.hardware.camera"
28-->src/main/AndroidManifest.xml:21:19-57
29        android:required="false" />
29-->src/main/AndroidManifest.xml:21:58-82
30    <uses-feature
30-->src/main/AndroidManifest.xml:22:5-95
31        android:name="android.hardware.camera.autofocus"
31-->src/main/AndroidManifest.xml:22:19-67
32        android:required="false" />
32-->src/main/AndroidManifest.xml:22:68-92
33    <uses-feature
33-->src/main/AndroidManifest.xml:23:5-91
34        android:name="android.hardware.location.gps"
34-->src/main/AndroidManifest.xml:23:19-63
35        android:required="false" />
35-->src/main/AndroidManifest.xml:23:64-88
36    <uses-feature
36-->[com.google.android.gms:play-services-maps:18.2.0] AndroidManifest.xml:26:5-28:35
37        android:glEsVersion="0x00020000"
37-->[com.google.android.gms:play-services-maps:18.2.0] AndroidManifest.xml:27:9-41
38        android:required="true" />
38-->[com.google.android.gms:play-services-maps:18.2.0] AndroidManifest.xml:28:9-32
39
40    <queries>
40-->[com.google.android.gms:play-services-maps:18.2.0] AndroidManifest.xml:30:5-34:15
41
42        <!-- Needs to be explicitly declared on Android R+ -->
43        <package android:name="com.google.android.apps.maps" />
43-->[com.google.android.gms:play-services-maps:18.2.0] AndroidManifest.xml:33:9-64
43-->[com.google.android.gms:play-services-maps:18.2.0] AndroidManifest.xml:33:18-61
44    </queries>
45
46    <uses-permission android:name="android.permission.WAKE_LOCK" />
46-->[androidx.work:work-runtime:2.7.0] AndroidManifest.xml:25:5-68
46-->[androidx.work:work-runtime:2.7.0] AndroidManifest.xml:25:22-65
47    <uses-permission android:name="android.permission.RECEIVE_BOOT_COMPLETED" />
47-->[androidx.work:work-runtime:2.7.0] AndroidManifest.xml:27:5-81
47-->[androidx.work:work-runtime:2.7.0] AndroidManifest.xml:27:22-78
48
49    <permission
49-->[androidx.core:core:1.12.0] AndroidManifest.xml:22:5-24:47
50        android:name="com.emobit.yishou.DYNAMIC_RECEIVER_NOT_EXPORTED_PERMISSION"
50-->[androidx.core:core:1.12.0] AndroidManifest.xml:23:9-81
51        android:protectionLevel="signature" />
51-->[androidx.core:core:1.12.0] AndroidManifest.xml:24:9-44
52
53    <uses-permission android:name="com.emobit.yishou.DYNAMIC_RECEIVER_NOT_EXPORTED_PERMISSION" />
53-->[androidx.core:core:1.12.0] AndroidManifest.xml:26:5-97
53-->[androidx.core:core:1.12.0] AndroidManifest.xml:26:22-94
54
55    <application
55-->src/main/AndroidManifest.xml:25:5-87:19
56        android:name="com.emobit.yishou.EmoBitApplication"
56-->src/main/AndroidManifest.xml:26:9-42
57        android:allowBackup="true"
57-->src/main/AndroidManifest.xml:27:9-35
58        android:appComponentFactory="androidx.core.app.CoreComponentFactory"
58-->[androidx.core:core:1.12.0] AndroidManifest.xml:28:18-86
59        android:dataExtractionRules="@xml/data_extraction_rules"
59-->src/main/AndroidManifest.xml:28:9-65
60        android:debuggable="true"
61        android:extractNativeLibs="false"
62        android:fullBackupContent="@xml/backup_rules"
62-->src/main/AndroidManifest.xml:29:9-54
63        android:icon="@mipmap/ic_launcher"
63-->src/main/AndroidManifest.xml:30:9-43
64        android:label="@string/app_name"
64-->src/main/AndroidManifest.xml:31:9-41
65        android:roundIcon="@mipmap/ic_launcher_round"
65-->src/main/AndroidManifest.xml:32:9-54
66        android:supportsRtl="true"
66-->src/main/AndroidManifest.xml:33:9-35
67        android:testOnly="true"
68        android:theme="@style/Theme.EmoBit" >
68-->src/main/AndroidManifest.xml:34:9-44
69
70        <!-- 启动页面 - 角色选择 -->
71        <activity
71-->src/main/AndroidManifest.xml:38:9-46:20
72            android:name="com.emobit.yishou.ui.common.RoleSelectorActivity"
72-->src/main/AndroidManifest.xml:39:13-59
73            android:exported="true"
73-->src/main/AndroidManifest.xml:40:13-36
74            android:theme="@style/Theme.EmoBit.Splash" >
74-->src/main/AndroidManifest.xml:41:13-55
75            <intent-filter>
75-->src/main/AndroidManifest.xml:42:13-45:29
76                <action android:name="android.intent.action.MAIN" />
76-->src/main/AndroidManifest.xml:43:17-69
76-->src/main/AndroidManifest.xml:43:25-66
77
78                <category android:name="android.intent.category.LAUNCHER" />
78-->src/main/AndroidManifest.xml:44:17-77
78-->src/main/AndroidManifest.xml:44:27-74
79            </intent-filter>
80        </activity>
81
82        <!-- 老人端主Activity -->
83        <activity
83-->src/main/AndroidManifest.xml:49:9-53:58
84            android:name="com.emobit.yishou.ui.elder.ElderMainActivity"
84-->src/main/AndroidManifest.xml:50:13-55
85            android:exported="false"
85-->src/main/AndroidManifest.xml:51:13-37
86            android:screenOrientation="portrait"
86-->src/main/AndroidManifest.xml:52:13-49
87            android:windowSoftInputMode="adjustResize" />
87-->src/main/AndroidManifest.xml:53:13-55
88
89        <!-- 子女端主Activity -->
90        <activity
90-->src/main/AndroidManifest.xml:56:9-60:58
91            android:name="com.emobit.yishou.ui.family.FamilyMainActivity"
91-->src/main/AndroidManifest.xml:57:13-57
92            android:exported="false"
92-->src/main/AndroidManifest.xml:58:13-37
93            android:screenOrientation="portrait"
93-->src/main/AndroidManifest.xml:59:13-49
94            android:windowSoftInputMode="adjustResize" />
94-->src/main/AndroidManifest.xml:60:13-55
95
96        <!-- 紧急求助Activity (全屏) -->
97        <activity
97-->src/main/AndroidManifest.xml:63:9-67:62
98            android:name="com.emobit.yishou.ui.elder.EmergencyActivity"
98-->src/main/AndroidManifest.xml:64:13-55
99            android:exported="false"
99-->src/main/AndroidManifest.xml:65:13-37
100            android:screenOrientation="portrait"
100-->src/main/AndroidManifest.xml:66:13-49
101            android:theme="@style/Theme.EmoBit.FullScreen" />
101-->src/main/AndroidManifest.xml:67:13-59
102
103        <!-- AR导航Activity -->
104        <activity
104-->src/main/AndroidManifest.xml:70:9-74:62
105            android:name="com.emobit.yishou.ui.elder.ARNavigationActivity"
105-->src/main/AndroidManifest.xml:71:13-58
106            android:exported="false"
106-->src/main/AndroidManifest.xml:72:13-37
107            android:screenOrientation="portrait"
107-->src/main/AndroidManifest.xml:73:13-49
108            android:theme="@style/Theme.EmoBit.FullScreen" />
108-->src/main/AndroidManifest.xml:74:13-59
109
110        <!-- 服药验证Activity -->
111        <activity
111-->src/main/AndroidManifest.xml:77:9-80:52
112            android:name="com.emobit.yishou.ui.elder.MedicationVerifyActivity"
112-->src/main/AndroidManifest.xml:78:13-62
113            android:exported="false"
113-->src/main/AndroidManifest.xml:79:13-37
114            android:screenOrientation="portrait" />
114-->src/main/AndroidManifest.xml:80:13-49
115
116        <!-- 地图服务 API Key -->
117        <meta-data
117-->src/main/AndroidManifest.xml:83:9-85:49
118            android:name="com.google.android.geo.API_KEY"
118-->src/main/AndroidManifest.xml:84:13-58
119            android:value="YOUR_API_KEY_HERE" />
119-->src/main/AndroidManifest.xml:85:13-46
120
121        <!--
122        Service for holding metadata. Cannot be instantiated.
123        Metadata will be merged from other manifests.
124        -->
125        <service
125-->[androidx.camera:camera-core:1.3.1] AndroidManifest.xml:29:9-33:78
126            android:name="androidx.camera.core.impl.MetadataHolderService"
126-->[androidx.camera:camera-core:1.3.1] AndroidManifest.xml:30:13-75
127            android:enabled="false"
127-->[androidx.camera:camera-core:1.3.1] AndroidManifest.xml:31:13-36
128            android:exported="false" >
128-->[androidx.camera:camera-core:1.3.1] AndroidManifest.xml:32:13-37
129            <meta-data
129-->[androidx.camera:camera-camera2:1.3.1] AndroidManifest.xml:30:13-32:89
130                android:name="androidx.camera.core.impl.MetadataHolderService.DEFAULT_CONFIG_PROVIDER"
130-->[androidx.camera:camera-camera2:1.3.1] AndroidManifest.xml:31:17-103
131                android:value="androidx.camera.camera2.Camera2Config$DefaultProvider" />
131-->[androidx.camera:camera-camera2:1.3.1] AndroidManifest.xml:32:17-86
132        </service> <!-- Needs to be explicitly declared on P+ -->
133        <uses-library
133-->[com.google.android.gms:play-services-maps:18.2.0] AndroidManifest.xml:39:9-41:40
134            android:name="org.apache.http.legacy"
134-->[com.google.android.gms:play-services-maps:18.2.0] AndroidManifest.xml:40:13-50
135            android:required="false" />
135-->[com.google.android.gms:play-services-maps:18.2.0] AndroidManifest.xml:41:13-37
136
137        <service
137-->[com.google.android.gms:play-services-mlkit-text-recognition-common:19.0.0] AndroidManifest.xml:9:9-15:19
138            android:name="com.google.mlkit.common.internal.MlKitComponentDiscoveryService"
138-->[com.google.android.gms:play-services-mlkit-text-recognition-common:19.0.0] AndroidManifest.xml:10:13-91
139            android:directBootAware="true"
139-->[com.google.mlkit:common:18.8.0] AndroidManifest.xml:17:13-43
140            android:exported="false" >
140-->[com.google.android.gms:play-services-mlkit-text-recognition-common:19.0.0] AndroidManifest.xml:11:13-37
141            <meta-data
141-->[com.google.android.gms:play-services-mlkit-text-recognition-common:19.0.0] AndroidManifest.xml:12:13-14:85
142                android:name="com.google.firebase.components:com.google.mlkit.vision.text.internal.TextRegistrar"
142-->[com.google.android.gms:play-services-mlkit-text-recognition-common:19.0.0] AndroidManifest.xml:13:17-114
143                android:value="com.google.firebase.components.ComponentRegistrar" />
143-->[com.google.android.gms:play-services-mlkit-text-recognition-common:19.0.0] AndroidManifest.xml:14:17-82
144            <meta-data
144-->[com.google.mlkit:pose-detection-common:18.0.0-beta3] AndroidManifest.xml:29:13-31:85
145                android:name="com.google.firebase.components:com.google.mlkit.vision.pose.internal.PoseRegistrar"
145-->[com.google.mlkit:pose-detection-common:18.0.0-beta3] AndroidManifest.xml:30:17-114
146                android:value="com.google.firebase.components.ComponentRegistrar" />
146-->[com.google.mlkit:pose-detection-common:18.0.0-beta3] AndroidManifest.xml:31:17-82
147            <meta-data
147-->[com.google.mlkit:vision-common:17.3.0] AndroidManifest.xml:12:13-14:85
148                android:name="com.google.firebase.components:com.google.mlkit.vision.common.internal.VisionCommonRegistrar"
148-->[com.google.mlkit:vision-common:17.3.0] AndroidManifest.xml:13:17-124
149                android:value="com.google.firebase.components.ComponentRegistrar" />
149-->[com.google.mlkit:vision-common:17.3.0] AndroidManifest.xml:14:17-82
150            <meta-data
150-->[com.google.mlkit:common:18.8.0] AndroidManifest.xml:20:13-22:85
151                android:name="com.google.firebase.components:com.google.mlkit.common.internal.CommonComponentRegistrar"
151-->[com.google.mlkit:common:18.8.0] AndroidManifest.xml:21:17-120
152                android:value="com.google.firebase.components.ComponentRegistrar" />
152-->[com.google.mlkit:common:18.8.0] AndroidManifest.xml:22:17-82
153        </service>
154        <!--
155             Required for ML Kit Pose Detection GPU acceleration. Applications that target Android
156             S+ require explicit declaration of any referenced vendor-provided libraries.
157        -->
158        <uses-native-library
158-->[com.google.mlkit:pose-detection-common:18.0.0-beta3] AndroidManifest.xml:16:9-18:40
159            android:name="libOpenCL.so"
159-->[com.google.mlkit:pose-detection-common:18.0.0-beta3] AndroidManifest.xml:17:13-40
160            android:required="false" />
160-->[com.google.mlkit:pose-detection-common:18.0.0-beta3] AndroidManifest.xml:18:13-37
161        <uses-native-library
161-->[com.google.mlkit:pose-detection-common:18.0.0-beta3] AndroidManifest.xml:16:9-18:40
162            android:name="libOpenCL-car.so"
162-->[com.google.mlkit:pose-detection-common:18.0.0-beta3] AndroidManifest.xml:17:13-40
163            android:required="false" />
163-->[com.google.mlkit:pose-detection-common:18.0.0-beta3] AndroidManifest.xml:18:13-37
164        <uses-native-library
164-->[com.google.mlkit:pose-detection-common:18.0.0-beta3] AndroidManifest.xml:16:9-18:40
165            android:name="libOpenCL-pixel.so"
165-->[com.google.mlkit:pose-detection-common:18.0.0-beta3] AndroidManifest.xml:17:13-40
166            android:required="false" />
166-->[com.google.mlkit:pose-detection-common:18.0.0-beta3] AndroidManifest.xml:18:13-37
167
168        <provider
168-->[com.google.mlkit:common:18.8.0] AndroidManifest.xml:9:9-13:38
169            android:name="com.google.mlkit.common.internal.MlKitInitProvider"
169-->[com.google.mlkit:common:18.8.0] AndroidManifest.xml:10:13-78
170            android:authorities="com.emobit.yishou.mlkitinitprovider"
170-->[com.google.mlkit:common:18.8.0] AndroidManifest.xml:11:13-69
171            android:exported="false"
171-->[com.google.mlkit:common:18.8.0] AndroidManifest.xml:12:13-37
172            android:initOrder="99" />
172-->[com.google.mlkit:common:18.8.0] AndroidManifest.xml:13:13-35
173
174        <service
174-->[com.google.mlkit:acceleration:16.0.0-beta1] AndroidManifest.xml:8:9-11:68
175            android:name="com.google.mlkit.acceleration.internal.MlKitRemoteWorkerService"
175-->[com.google.mlkit:acceleration:16.0.0-beta1] AndroidManifest.xml:9:13-91
176            android:exported="false"
176-->[com.google.mlkit:acceleration:16.0.0-beta1] AndroidManifest.xml:10:13-37
177            android:process=":mlkit_acceleration_mini_benchmark" />
177-->[com.google.mlkit:acceleration:16.0.0-beta1] AndroidManifest.xml:11:13-65
178
179        <activity
179-->[com.google.android.gms:play-services-base:18.1.0] AndroidManifest.xml:20:9-22:45
180            android:name="com.google.android.gms.common.api.GoogleApiActivity"
180-->[com.google.android.gms:play-services-base:18.1.0] AndroidManifest.xml:20:19-85
181            android:exported="false"
181-->[com.google.android.gms:play-services-base:18.1.0] AndroidManifest.xml:22:19-43
182            android:theme="@android:style/Theme.Translucent.NoTitleBar" />
182-->[com.google.android.gms:play-services-base:18.1.0] AndroidManifest.xml:21:19-78
183
184        <meta-data
184-->[com.google.android.gms:play-services-basement:18.1.0] AndroidManifest.xml:21:9-23:69
185            android:name="com.google.android.gms.version"
185-->[com.google.android.gms:play-services-basement:18.1.0] AndroidManifest.xml:22:13-58
186            android:value="@integer/google_play_services_version" />
186-->[com.google.android.gms:play-services-basement:18.1.0] AndroidManifest.xml:23:13-66
187
188        <provider
188-->[androidx.emoji2:emoji2:1.2.0] AndroidManifest.xml:24:9-32:20
189            android:name="androidx.startup.InitializationProvider"
189-->[androidx.emoji2:emoji2:1.2.0] AndroidManifest.xml:25:13-67
190            android:authorities="com.emobit.yishou.androidx-startup"
190-->[androidx.emoji2:emoji2:1.2.0] AndroidManifest.xml:26:13-68
191            android:exported="false" >
191-->[androidx.emoji2:emoji2:1.2.0] AndroidManifest.xml:27:13-37
192            <meta-data
192-->[androidx.emoji2:emoji2:1.2.0] AndroidManifest.xml:29:13-31:52
193                android:name="androidx.emoji2.text.EmojiCompatInitializer"
193-->[androidx.emoji2:emoji2:1.2.0] AndroidManifest.xml:30:17-75
194                android:value="androidx.startup" />
194-->[androidx.emoji2:emoji2:1.2.0] AndroidManifest.xml:31:17-49
195            <meta-data
195-->[androidx.work:work-runtime:2.7.0] AndroidManifest.xml:36:13-38:52
196                android:name="androidx.work.WorkManagerInitializer"
196-->[androidx.work:work-runtime:2.7.0] AndroidManifest.xml:37:17-68
197                android:value="androidx.startup" />
197-->[androidx.work:work-runtime:2.7.0] AndroidManifest.xml:38:17-49
198            <meta-data
198-->[androidx.lifecycle:lifecycle-process:2.7.0] AndroidManifest.xml:29:13-31:52
199                android:name="androidx.lifecycle.ProcessLifecycleInitializer"
199-->[androidx.lifecycle:lifecycle-process:2.7.0] AndroidManifest.xml:30:17-78
200                android:value="androidx.startup" />
200-->[androidx.lifecycle:lifecycle-process:2.7.0] AndroidManifest.xml:31:17-49
201            <meta-data
201-->[androidx.profileinstaller:profileinstaller:1.3.0] AndroidManifest.xml:29:13-31:52
202                android:name="androidx.profileinstaller.ProfileInstallerInitializer"
202-->[androidx.profileinstaller:profileinstaller:1.3.0] AndroidManifest.xml:30:17-85
203                android:value="androidx.startup" />
203-->[androidx.profileinstaller:profileinstaller:1.3.0] AndroidManifest.xml:31:17-49
204        </provider>
205
206        <uses-library
206-->[androidx.window:window:1.0.0] AndroidManifest.xml:25:9-27:40
207            android:name="androidx.window.extensions"
207-->[androidx.window:window:1.0.0] AndroidManifest.xml:26:13-54
208            android:required="false" />
208-->[androidx.window:window:1.0.0] AndroidManifest.xml:27:13-37
209        <uses-library
209-->[androidx.window:window:1.0.0] AndroidManifest.xml:28:9-30:40
210            android:name="androidx.window.sidecar"
210-->[androidx.window:window:1.0.0] AndroidManifest.xml:29:13-51
211            android:required="false" />
211-->[androidx.window:window:1.0.0] AndroidManifest.xml:30:13-37
212
213        <service
213-->[androidx.work:work-multiprocess:2.7.0] AndroidManifest.xml:25:9-27:40
214            android:name="androidx.work.multiprocess.RemoteWorkManagerService"
214-->[androidx.work:work-multiprocess:2.7.0] AndroidManifest.xml:26:13-79
215            android:exported="false" />
215-->[androidx.work:work-multiprocess:2.7.0] AndroidManifest.xml:27:13-37
216        <service
216-->[androidx.work:work-runtime:2.7.0] AndroidManifest.xml:41:9-46:35
217            android:name="androidx.work.impl.background.systemalarm.SystemAlarmService"
217-->[androidx.work:work-runtime:2.7.0] AndroidManifest.xml:42:13-88
218            android:directBootAware="false"
218-->[androidx.work:work-runtime:2.7.0] AndroidManifest.xml:43:13-44
219            android:enabled="@bool/enable_system_alarm_service_default"
219-->[androidx.work:work-runtime:2.7.0] AndroidManifest.xml:44:13-72
220            android:exported="false" />
220-->[androidx.work:work-runtime:2.7.0] AndroidManifest.xml:45:13-37
221        <service
221-->[androidx.work:work-runtime:2.7.0] AndroidManifest.xml:47:9-53:35
222            android:name="androidx.work.impl.background.systemjob.SystemJobService"
222-->[androidx.work:work-runtime:2.7.0] AndroidManifest.xml:48:13-84
223            android:directBootAware="false"
223-->[androidx.work:work-runtime:2.7.0] AndroidManifest.xml:49:13-44
224            android:enabled="@bool/enable_system_job_service_default"
224-->[androidx.work:work-runtime:2.7.0] AndroidManifest.xml:50:13-70
225            android:exported="true"
225-->[androidx.work:work-runtime:2.7.0] AndroidManifest.xml:51:13-36
226            android:permission="android.permission.BIND_JOB_SERVICE" />
226-->[androidx.work:work-runtime:2.7.0] AndroidManifest.xml:52:13-69
227        <service
227-->[androidx.work:work-runtime:2.7.0] AndroidManifest.xml:54:9-59:35
228            android:name="androidx.work.impl.foreground.SystemForegroundService"
228-->[androidx.work:work-runtime:2.7.0] AndroidManifest.xml:55:13-81
229            android:directBootAware="false"
229-->[androidx.work:work-runtime:2.7.0] AndroidManifest.xml:56:13-44
230            android:enabled="@bool/enable_system_foreground_service_default"
230-->[androidx.work:work-runtime:2.7.0] AndroidManifest.xml:57:13-77
231            android:exported="false" />
231-->[androidx.work:work-runtime:2.7.0] AndroidManifest.xml:58:13-37
232
233        <receiver
233-->[androidx.work:work-runtime:2.7.0] AndroidManifest.xml:61:9-66:35
234            android:name="androidx.work.impl.utils.ForceStopRunnable$BroadcastReceiver"
234-->[androidx.work:work-runtime:2.7.0] AndroidManifest.xml:62:13-88
235            android:directBootAware="false"
235-->[androidx.work:work-runtime:2.7.0] AndroidManifest.xml:63:13-44
236            android:enabled="true"
236-->[androidx.work:work-runtime:2.7.0] AndroidManifest.xml:64:13-35
237            android:exported="false" />
237-->[androidx.work:work-runtime:2.7.0] AndroidManifest.xml:65:13-37
238        <receiver
238-->[androidx.work:work-runtime:2.7.0] AndroidManifest.xml:67:9-77:20
239            android:name="androidx.work.impl.background.systemalarm.ConstraintProxy$BatteryChargingProxy"
239-->[androidx.work:work-runtime:2.7.0] AndroidManifest.xml:68:13-106
240            android:directBootAware="false"
240-->[androidx.work:work-runtime:2.7.0] AndroidManifest.xml:69:13-44
241            android:enabled="false"
241-->[androidx.work:work-runtime:2.7.0] AndroidManifest.xml:70:13-36
242            android:exported="false" >
242-->[androidx.work:work-runtime:2.7.0] AndroidManifest.xml:71:13-37
243            <intent-filter>
243-->[androidx.work:work-runtime:2.7.0] AndroidManifest.xml:73:13-76:29
244                <action android:name="android.intent.action.ACTION_POWER_CONNECTED" />
244-->[androidx.work:work-runtime:2.7.0] AndroidManifest.xml:74:17-87
244-->[androidx.work:work-runtime:2.7.0] AndroidManifest.xml:74:25-84
245                <action android:name="android.intent.action.ACTION_POWER_DISCONNECTED" />
245-->[androidx.work:work-runtime:2.7.0] AndroidManifest.xml:75:17-90
245-->[androidx.work:work-runtime:2.7.0] AndroidManifest.xml:75:25-87
246            </intent-filter>
247        </receiver>
248        <receiver
248-->[androidx.work:work-runtime:2.7.0] AndroidManifest.xml:78:9-88:20
249            android:name="androidx.work.impl.background.systemalarm.ConstraintProxy$BatteryNotLowProxy"
249-->[androidx.work:work-runtime:2.7.0] AndroidManifest.xml:79:13-104
250            android:directBootAware="false"
250-->[androidx.work:work-runtime:2.7.0] AndroidManifest.xml:80:13-44
251            android:enabled="false"
251-->[androidx.work:work-runtime:2.7.0] AndroidManifest.xml:81:13-36
252            android:exported="false" >
252-->[androidx.work:work-runtime:2.7.0] AndroidManifest.xml:82:13-37
253            <intent-filter>
253-->[androidx.work:work-runtime:2.7.0] AndroidManifest.xml:84:13-87:29
254                <action android:name="android.intent.action.BATTERY_OKAY" />
254-->[androidx.work:work-runtime:2.7.0] AndroidManifest.xml:85:17-77
254-->[androidx.work:work-runtime:2.7.0] AndroidManifest.xml:85:25-74
255                <action android:name="android.intent.action.BATTERY_LOW" />
255-->[androidx.work:work-runtime:2.7.0] AndroidManifest.xml:86:17-76
255-->[androidx.work:work-runtime:2.7.0] AndroidManifest.xml:86:25-73
256            </intent-filter>
257        </receiver>
258        <receiver
258-->[androidx.work:work-runtime:2.7.0] AndroidManifest.xml:89:9-99:20
259            android:name="androidx.work.impl.background.systemalarm.ConstraintProxy$StorageNotLowProxy"
259-->[androidx.work:work-runtime:2.7.0] AndroidManifest.xml:90:13-104
260            android:directBootAware="false"
260-->[androidx.work:work-runtime:2.7.0] AndroidManifest.xml:91:13-44
261            android:enabled="false"
261-->[androidx.work:work-runtime:2.7.0] AndroidManifest.xml:92:13-36
262            android:exported="false" >
262-->[androidx.work:work-runtime:2.7.0] AndroidManifest.xml:93:13-37
263            <intent-filter>
263-->[androidx.work:work-runtime:2.7.0] AndroidManifest.xml:95:13-98:29
264                <action android:name="android.intent.action.DEVICE_STORAGE_LOW" />
264-->[androidx.work:work-runtime:2.7.0] AndroidManifest.xml:96:17-83
264-->[androidx.work:work-runtime:2.7.0] AndroidManifest.xml:96:25-80
265                <action android:name="android.intent.action.DEVICE_STORAGE_OK" />
265-->[androidx.work:work-runtime:2.7.0] AndroidManifest.xml:97:17-82
265-->[androidx.work:work-runtime:2.7.0] AndroidManifest.xml:97:25-79
266            </intent-filter>
267        </receiver>
268        <receiver
268-->[androidx.work:work-runtime:2.7.0] AndroidManifest.xml:100:9-109:20
269            android:name="androidx.work.impl.background.systemalarm.ConstraintProxy$NetworkStateProxy"
269-->[androidx.work:work-runtime:2.7.0] AndroidManifest.xml:101:13-103
270            android:directBootAware="false"
270-->[androidx.work:work-runtime:2.7.0] AndroidManifest.xml:102:13-44
271            android:enabled="false"
271-->[androidx.work:work-runtime:2.7.0] AndroidManifest.xml:103:13-36
272            android:exported="false" >
272-->[androidx.work:work-runtime:2.7.0] AndroidManifest.xml:104:13-37
273            <intent-filter>
273-->[androidx.work:work-runtime:2.7.0] AndroidManifest.xml:106:13-108:29
274                <action android:name="android.net.conn.CONNECTIVITY_CHANGE" />
274-->[androidx.work:work-runtime:2.7.0] AndroidManifest.xml:107:17-79
274-->[androidx.work:work-runtime:2.7.0] AndroidManifest.xml:107:25-76
275            </intent-filter>
276        </receiver>
277        <receiver
277-->[androidx.work:work-runtime:2.7.0] AndroidManifest.xml:110:9-121:20
278            android:name="androidx.work.impl.background.systemalarm.RescheduleReceiver"
278-->[androidx.work:work-runtime:2.7.0] AndroidManifest.xml:111:13-88
279            android:directBootAware="false"
279-->[androidx.work:work-runtime:2.7.0] AndroidManifest.xml:112:13-44
280            android:enabled="false"
280-->[androidx.work:work-runtime:2.7.0] AndroidManifest.xml:113:13-36
281            android:exported="false" >
281-->[androidx.work:work-runtime:2.7.0] AndroidManifest.xml:114:13-37
282            <intent-filter>
282-->[androidx.work:work-runtime:2.7.0] AndroidManifest.xml:116:13-120:29
283                <action android:name="android.intent.action.BOOT_COMPLETED" />
283-->[androidx.work:work-runtime:2.7.0] AndroidManifest.xml:117:17-79
283-->[androidx.work:work-runtime:2.7.0] AndroidManifest.xml:117:25-76
284                <action android:name="android.intent.action.TIME_SET" />
284-->[androidx.work:work-runtime:2.7.0] AndroidManifest.xml:118:17-73
284-->[androidx.work:work-runtime:2.7.0] AndroidManifest.xml:118:25-70
285                <action android:name="android.intent.action.TIMEZONE_CHANGED" />
285-->[androidx.work:work-runtime:2.7.0] AndroidManifest.xml:119:17-81
285-->[androidx.work:work-runtime:2.7.0] AndroidManifest.xml:119:25-78
286            </intent-filter>
287        </receiver>
288        <receiver
288-->[androidx.work:work-runtime:2.7.0] AndroidManifest.xml:122:9-131:20
289            android:name="androidx.work.impl.background.systemalarm.ConstraintProxyUpdateReceiver"
289-->[androidx.work:work-runtime:2.7.0] AndroidManifest.xml:123:13-99
290            android:directBootAware="false"
290-->[androidx.work:work-runtime:2.7.0] AndroidManifest.xml:124:13-44
291            android:enabled="@bool/enable_system_alarm_service_default"
291-->[androidx.work:work-runtime:2.7.0] AndroidManifest.xml:125:13-72
292            android:exported="false" >
292-->[androidx.work:work-runtime:2.7.0] AndroidManifest.xml:126:13-37
293            <intent-filter>
293-->[androidx.work:work-runtime:2.7.0] AndroidManifest.xml:128:13-130:29